Using pre-set license
Built from '2020.2/release' branch; Version is '2020.2.4f1 (becced5a802b) revision 12504301'; Using compiler version '192528614'; Build Type 'Release'
OS: 'Windows 10 Home; OS build 19042.928; Version 2009; 64bit' Language: 'en' Physical Memory: 8005 MB
BatchMode: 1, IsHumanControllingUs: 0, StartBugReporterOnCrash: 0, Is64bit: 1, IsPro: 0

 COMMAND LINE ARGUMENTS:
C:\Users\Elijah MacNamara\Downloads\Unity\Editor\Unity.exe
-adb2
-batchMode
-noUpm
-name
AssetImportWorker0
-projectPath
C:/Users/Elijah MacNamara/Dropbox/Year 2/Semester 2 - CA's and Projects/Team Project/Team Project - x19403554 and x19476134/The Aftermath
-logFile
Logs/AssetImportWorker0.log
-srvPort
50099
Successfully changed project path to: C:/Users/Elijah MacNamara/Dropbox/Year 2/Semester 2 - CA's and Projects/Team Project/Team Project - x19403554 and x19476134/The Aftermath
C:/Users/Elijah MacNamara/Dropbox/Year 2/Semester 2 - CA's and Projects/Team Project/Team Project - x19403554 and x19476134/The Aftermath
Using Asset Import Pipeline V2.
Refreshing native plugins compatible for Editor in 45.05 ms, found 1 plugins.
Preloading 0 native plugins for Editor in 0.00 ms.
Initialize engine version: 2020.2.4f1 (becced5a802b)
[Subsystems] Discovering subsystems at path C:/Users/Elijah MacNamara/Downloads/Unity/Editor/Data/Resources/UnitySubsystems
[Subsystems] Discovering subsystems at path C:/Users/Elijah MacNamara/Dropbox/Year 2/Semester 2 - CA's and Projects/Team Project/Team Project - x19403554 and x19476134/The Aftermath/Assets
GfxDevice: creating device client; threaded=0
Direct3D:
    Version:  Direct3D 11.0 [level 11.1]
    Renderer: Intel(R) UHD Graphics 620 (ID=0x3ea0)
    Vendor:   
    VRAM:     4002 MB
    Driver:   26.20.100.7323
Initialize mono
Mono path[0] = 'C:/Users/Elijah MacNamara/Downloads/Unity/Editor/Data/Managed'
Mono path[1] = 'C:/Users/Elijah MacNamara/Downloads/Unity/Editor/Data/MonoBleedingEdge/lib/mono/unityjit'
Mono config path = 'C:/Users/Elijah MacNamara/Downloads/Unity/Editor/Data/MonoBleedingEdge/etc'
Using monoOptions --debugger-agent=transport=dt_socket,embedding=1,server=y,suspend=n,address=127.0.0.1:56864
Begin MonoManager ReloadAssembly
Registering precompiled unity dll's ...
Register platform support module: C:/Users/Elijah MacNamara/Downloads/Unity/Editor/Data/PlaybackEngines/WindowsStandaloneSupport/UnityEditor.WindowsStandalone.Extensions.dll
Registered in 0.001805 seconds.
Native extension for WindowsStandalone target not found
Refreshing native plugins compatible for Editor in 43.22 ms, found 1 plugins.
Preloading 0 native plugins for Editor in 0.00 ms.
Invoked RoslynAnalysisRunner static constructor.
RoslynAnalysisRunner will not be running.
RoslynAnalysisRunner has terminated.
Mono: successfully reloaded assembly
- Completed reload, in  1.041 seconds
Platform modules already initialized, skipping
Registering precompiled user dll's ...
Registered in 0.002089 seconds.
Begin MonoManager ReloadAssembly
Native extension for WindowsStandalone target not found
Refreshing native plugins compatible for Editor in 43.90 ms, found 1 plugins.
Preloading 0 native plugins for Editor in 0.00 ms.
Invoked RoslynAnalysisRunner static constructor.
RoslynAnalysisRunner will not be running.
RoslynAnalysisRunner has terminated.
Mono: successfully reloaded assembly
- Completed reload, in  0.958 seconds
Platform modules already initialized, skipping
========================================================================
Worker process is ready to serve import requests
Launched and connected shader compiler UnityShaderCompiler.exe after 0.04 seconds
Refreshing native plugins compatible for Editor in 0.48 ms, found 1 plugins.
Preloading 0 native plugins for Editor in 0.00 ms.
Unloading 2251 Unused Serialized files (Serialized files now loaded: 0)
System memory in use before: 102.9 MB.
System memory in use after: 103.1 MB.

Unloading 22 unused Assets to reduce memory usage. Loaded Objects now: 2728.
Total: 3.062100 ms (FindLiveObjects: 0.247300 ms CreateObjectMapping: 0.077900 ms MarkObjects: 2.604400 ms  DeleteObjects: 0.131100 ms)

========================================================================
Received Import Request.
  path: Assets/Scenes/Game.unity
  artifactKey: Guid(295a467b8f5f0a943bf4c63a0c461426) Importer(815301076,1909f56bfc062723c751e8b465ee728b)
Start importing Assets/Scenes/Game.unity using Guid(295a467b8f5f0a943bf4c63a0c461426) Importer(815301076,1909f56bfc062723c751e8b465ee728b)  -> (artifact id: '520d3c5d75a1e790b35af7ca15843e1b') in 0.019991 seconds
  Import took 0.024829 seconds .

========================================================================
Received Import Request.
  Time since last request: 0.008110 seconds.
  path: Assets/Scenes/Game.unity
  artifactKey: Guid(295a467b8f5f0a943bf4c63a0c461426) Importer(815301076,1909f56bfc062723c751e8b465ee728b)
Start importing Assets/Scenes/Game.unity using Guid(295a467b8f5f0a943bf4c63a0c461426) Importer(815301076,1909f56bfc062723c751e8b465ee728b)  -> (artifact id: '520d3c5d75a1e790b35af7ca15843e1b') in 0.003128 seconds
  Import took 0.007729 seconds .

========================================================================
Received Import Request.
  Time since last request: 44.888043 seconds.
  path: Assets/Scenes/Game 5.unity
  artifactKey: Guid(978497e8996de2344befee4fd3d7e005) Importer(815301076,1909f56bfc062723c751e8b465ee728b)
Start importing Assets/Scenes/Game 5.unity using Guid(978497e8996de2344befee4fd3d7e005) Importer(815301076,1909f56bfc062723c751e8b465ee728b)  -> (artifact id: '02d3d63f32d66978263fb32f6808bf88') in 0.008008 seconds
  Import took 0.013085 seconds .

========================================================================
Received Prepare
Registering precompiled user dll's ...
Registered in 0.001912 seconds.
Begin MonoManager ReloadAssembly
Native extension for WindowsStandalone target not found
Refreshing native plugins compatible for Editor in 0.51 ms, found 1 plugins.
Preloading 0 native plugins for Editor in 0.00 ms.
Invoked RoslynAnalysisRunner static constructor.
RoslynAnalysisRunner will not be running.
RoslynAnalysisRunner has terminated.
Mono: successfully reloaded assembly
- Completed reload, in  0.903 seconds
Platform modules already initialized, skipping
Refreshing native plugins compatible for Editor in 0.49 ms, found 1 plugins.
Preloading 0 native plugins for Editor in 0.00 ms.
Unloading 2222 Unused Serialized files (Serialized files now loaded: 0)
System memory in use before: 101.0 MB.
System memory in use after: 101.3 MB.

Unloading 10 unused Assets to reduce memory usage. Loaded Objects now: 2731.
Total: 2.698600 ms (FindLiveObjects: 0.293600 ms CreateObjectMapping: 0.196500 ms MarkObjects: 2.188400 ms  DeleteObjects: 0.018200 ms)

AssetImportWorkerClient::OnTransportError - code=2 error=End of file
